<?xml version="1.0" encoding="UTF-8"?>
<robot generator="Robot 6.1.1 (Python 3.12.1 on darwin)" generated="20241220 15:56:28.083" rpa="false" schemaversion="4">
<suite id="s1" name="Broken Image" source="/Users/eshant/PycharmProjects/OnlineBrokenLinkChecker-GitHub/broken_image.robot">
<test id="s1-t1" name="Check For Broken Images" line="10">
<kw name="Open Browser" library="SeleniumLibrary">
<arg>${URL}</arg>
<arg>${browser}</arg>
<doc>Opens a new browser instance to the optional ``url``.</doc>
<msg timestamp="20241220 15:56:28.190" level="INFO">Opening browser 'Chrome' to base url 'gufyc'.</msg>
<msg timestamp="20241220 15:56:30.021" level="INFO" html="true">&lt;/td&gt;&lt;/tr&gt;&lt;tr&gt;&lt;td colspan="3"&gt;&lt;a href="selenium-screenshot-1.png"&gt;&lt;img src="selenium-screenshot-1.png" width="800px"&gt;&lt;/a&gt;</msg>
<msg timestamp="20241220 15:56:30.021" level="FAIL">InvalidArgumentException: Message: invalid argument
  (Session info: chrome=131.0.6778.205)
Stacktrace:
0   chromedriver                        0x00000001033bb184 cxxbridge1$str$ptr + 3626716
1   chromedriver                        0x00000001033b39d4 cxxbridge1$str$ptr + 3596076
2   chromedriver                        0x0000000102e207d8 cxxbridge1$string$len + 88828
3   chromedriver                        0x0000000102e0b4d8 cxxbridge1$string$len + 2044
4   chromedriver                        0x0000000102e0a1ac core::str::slice_error_fail::ha0e52dbcb60e6bae + 61996
5   chromedriver                        0x0000000102e0a2c4 core::str::slice_error_fail::ha0e52dbcb60e6bae + 62276
6   chromedriver                        0x0000000102e22e6c cxxbridge1$string$len + 98704
7   chromedriver                        0x0000000102e9eb58 cxxbridge1$string$len + 605820
8   chromedriver                        0x0000000102e9e5b4 cxxbridge1$string$len + 604376
9   chromedriver                        0x0000000102e59568 cxxbridge1$string$len + 321676
10  chromedriver                        0x0000000102e5a1b8 cxxbridge1$string$len + 324828
11  chromedriver                        0x00000001033869ac cxxbridge1$str$ptr + 3411716
12  chromedriver                        0x0000000103389ccc cxxbridge1$str$ptr + 3424804
13  chromedriver                        0x000000010336d86c cxxbridge1$str$ptr + 3308996
14  chromedriver                        0x000000010338a58c cxxbridge1$str$ptr + 3427044
15  chromedriver                        0x000000010335f09c cxxbridge1$str$ptr + 3249652
16  chromedriver                        0x00000001033a44b8 cxxbridge1$str$ptr + 3533328
17  chromedriver                        0x00000001033a4634 cxxbridge1$str$ptr + 3533708
18  chromedriver                        0x00000001033b3648 cxxbridge1$str$ptr + 3595168
19  libsystem_pthread.dylib             0x00000001958982e4 _pthread_start + 136
20  libsystem_pthread.dylib             0x00000001958930fc thread_start + 8
</msg>
<status status="FAIL" starttime="20241220 15:56:28.190" endtime="20241220 15:56:30.024"/>
</kw>
<kw name="Get WebElements" library="SeleniumLibrary">
<var>${images}</var>
<arg>xpath://img</arg>
<doc>Returns a list of WebElement objects matching the ``locator``.</doc>
<status status="NOT RUN" starttime="20241220 15:56:30.024" endtime="20241220 15:56:30.024"/>
</kw>
<kw name="Create List" library="BuiltIn">
<var>${broken_images}</var>
<doc>Returns a list containing given items.</doc>
<status status="NOT RUN" starttime="20241220 15:56:30.024" endtime="20241220 15:56:30.024"/>
</kw>
<for flavor="IN">
<var>${image}</var>
<value>@{images}</value>
<iter>
<var name="${image}"/>
<kw name="Get Element Attribute" library="SeleniumLibrary">
<var>${src}</var>
<arg>${image}</arg>
<arg>src</arg>
<doc>Returns the value of ``attribute`` from the element ``locator``.</doc>
<status status="NOT RUN" starttime="20241220 15:56:30.025" endtime="20241220 15:56:30.025"/>
</kw>
<kw name="Get Image Status Code">
<var>${status_code}</var>
<arg>${src}</arg>
<status status="NOT RUN" starttime="20241220 15:56:30.025" endtime="20241220 15:56:30.025"/>
</kw>
<kw name="Run Keyword If" library="BuiltIn">
<arg>${status_code} != ${200}</arg>
<arg>Append To List</arg>
<arg>${broken_images}</arg>
<arg>${src}</arg>
<doc>Runs the given keyword with the given arguments, if ``condition`` is true.</doc>
<status status="NOT RUN" starttime="20241220 15:56:30.025" endtime="20241220 15:56:30.025"/>
</kw>
<status status="NOT RUN" starttime="20241220 15:56:30.025" endtime="20241220 15:56:30.025"/>
</iter>
<status status="NOT RUN" starttime="20241220 15:56:30.024" endtime="20241220 15:56:30.025"/>
</for>
<kw name="Get Length" library="BuiltIn">
<var>${total_images}</var>
<arg>${images}</arg>
<doc>Returns and logs the length of the given item as an integer.</doc>
<status status="NOT RUN" starttime="20241220 15:56:30.025" endtime="20241220 15:56:30.025"/>
</kw>
<kw name="Log" library="BuiltIn">
<arg>Total Images: ${total_images}</arg>
<doc>Logs the given message with the given level.</doc>
<status status="NOT RUN" starttime="20241220 15:56:30.025" endtime="20241220 15:56:30.025"/>
</kw>
<kw name="Log To Console" library="BuiltIn">
<arg>Total Images: ${total_images}</arg>
<doc>Logs the given message to the console.</doc>
<status status="NOT RUN" starttime="20241220 15:56:30.025" endtime="20241220 15:56:30.025"/>
</kw>
<kw name="Get Length" library="BuiltIn">
<var>${broken_count}</var>
<arg>${broken_images}</arg>
<doc>Returns and logs the length of the given item as an integer.</doc>
<status status="NOT RUN" starttime="20241220 15:56:30.025" endtime="20241220 15:56:30.025"/>
</kw>
<kw name="Log" library="BuiltIn">
<arg>Broken Images: ${broken_count}</arg>
<doc>Logs the given message with the given level.</doc>
<status status="NOT RUN" starttime="20241220 15:56:30.025" endtime="20241220 15:56:30.025"/>
</kw>
<kw name="Log To Console" library="BuiltIn">
<arg>Broken Images: ${broken_count}</arg>
<doc>Logs the given message to the console.</doc>
<status status="NOT RUN" starttime="20241220 15:56:30.025" endtime="20241220 15:56:30.025"/>
</kw>
<kw name="Run Keyword If" library="BuiltIn">
<arg>${broken_count} &gt; 0</arg>
<arg>Log To Console</arg>
<arg>Broken images found: ${broken_images}</arg>
<doc>Runs the given keyword with the given arguments, if ``condition`` is true.</doc>
<status status="NOT RUN" starttime="20241220 15:56:30.025" endtime="20241220 15:56:30.025"/>
</kw>
<kw name="Close Browser" library="SeleniumLibrary" type="TEARDOWN">
<doc>Closes the current browser.</doc>
<status status="PASS" starttime="20241220 15:56:30.025" endtime="20241220 15:56:30.094"/>
</kw>
<doc>This test case checks all images on the web page for broken links.</doc>
<status status="FAIL" starttime="20241220 15:56:28.189" endtime="20241220 15:56:30.094">InvalidArgumentException: Message: invalid argument
  (Session info: chrome=131.0.6778.205)
Stacktrace:
0   chromedriver                        0x00000001033bb184 cxxbridge1$str$ptr + 3626716
1   chromedriver                        0x00000001033b39d4 cxxbridge1$str$ptr + 3596076
2   chromedriver                        0x0000000102e207d8 cxxbridge1$string$len + 88828
3   chromedriver                        0x0000000102e0b4d8 cxxbridge1$string$len + 2044
4   chromedriver                        0x0000000102e0a1ac core::str::slice_error_fail::ha0e52dbcb60e6bae + 61996
5   chromedriver                        0x0000000102e0a2c4 core::str::slice_error_fail::ha0e52dbcb60e6bae + 62276
6   chromedriver                        0x0000000102e22e6c cxxbridge1$string$len + 98704
7   chromedriver                        0x0000000102e9eb58 cxxbridge1$string$len + 605820
8   chromedriver                        0x0000000102e9e5b4 cxxbridge1$strin...
    [ Message content over the limit has been removed. ]
...er                        0x0000000102e5a1b8 cxxbridge1$string$len + 324828
11  chromedriver                        0x00000001033869ac cxxbridge1$str$ptr + 3411716
12  chromedriver                        0x0000000103389ccc cxxbridge1$str$ptr + 3424804
13  chromedriver                        0x000000010336d86c cxxbridge1$str$ptr + 3308996
14  chromedriver                        0x000000010338a58c cxxbridge1$str$ptr + 3427044
15  chromedriver                        0x000000010335f09c cxxbridge1$str$ptr + 3249652
16  chromedriver                        0x00000001033a44b8 cxxbridge1$str$ptr + 3533328
17  chromedriver                        0x00000001033a4634 cxxbridge1$str$ptr + 3533708
18  chromedriver                        0x00000001033b3648 cxxbridge1$str$ptr + 3595168
19  libsystem_pthread.dylib             0x00000001958982e4 _pthread_start + 136
20  libsystem_pthread.dylib             0x00000001958930fc thread_start + 8</status>
</test>
<status status="FAIL" starttime="20241220 15:56:28.083" endtime="20241220 15:56:30.094"/>
</suite>
<statistics>
<total>
<stat pass="0" fail="1" skip="0">All Tests</stat>
</total>
<tag>
</tag>
<suite>
<stat pass="0" fail="1" skip="0" id="s1" name="Broken Image">Broken Image</stat>
</suite>
</statistics>
<errors>
</errors>
</robot>
